[debug] [2025-04-08T06:38:24.179Z] ----------------------------------------------------------------------
[debug] [2025-04-08T06:38:24.181Z] Command:       C:\Program Files\nodejs\node.exe C:\Users\Rakesh\AppData\Roaming\npm\node_modules\firebase-tools\lib\bin\firebase.js init firestore
[debug] [2025-04-08T06:38:24.182Z] CLI Version:   13.16.0
[debug] [2025-04-08T06:38:24.182Z] Platform:      win32
[debug] [2025-04-08T06:38:24.182Z] Node Version:  v20.11.1
[debug] [2025-04-08T06:38:24.182Z] Time:          Tue Apr 08 2025 12:08:24 GMT+0530 (India Standard Time)
[debug] [2025-04-08T06:38:24.182Z] ----------------------------------------------------------------------
[debug] 
[debug] [2025-04-08T06:38:24.186Z] >>> [apiv2][query] GET https://firebase-public.firebaseio.com/cli.json [none]
[debug] [2025-04-08T06:38:24.302Z] > command requires scopes: ["email","openid","https://www.googleapis.com/auth/cloudplatformprojects.readonly","https://www.googleapis.com/auth/firebase","https://www.googleapis.com/auth/cloud-platform"]
[debug] [2025-04-08T06:38:24.302Z] > authorizing via signed-in user (zatchbell5zakerka@gmail.com)
[info] 
     ######## #### ########  ######## ########     ###     ######  ########
     ##        ##  ##     ## ##       ##     ##  ##   ##  ##       ##
     ######    ##  ########  ######   ########  #########  ######  ######
     ##        ##  ##    ##  ##       ##     ## ##     ##       ## ##
     ##       #### ##     ## ######## ########  ##     ##  ######  ########

You're about to initialize a Firebase project in this directory:

  C:\Users\Rakesh\FireBase\CricketGear

Before we get started, keep in mind:

  * You are initializing within an existing Firebase project directory

[debug] [2025-04-08T06:38:24.978Z] <<< [apiv2][status] GET https://firebase-public.firebaseio.com/cli.json 200
[debug] [2025-04-08T06:38:24.979Z] <<< [apiv2][body] GET https://firebase-public.firebaseio.com/cli.json {"cloudBuildErrorAfter":1594252800000,"cloudBuildWarnAfter":1590019200000,"defaultNode10After":1594252800000,"minVersion":"3.0.5","node8DeploysDisabledAfter":1613390400000,"node8RuntimeDisabledAfter":1615809600000,"node8WarnAfter":1600128000000}
